<?xml version="1.0" encoding="UTF-8"?>
<!-- Generated by org.testng.reporters.JUnitXMLReporter -->
<testsuite ignored="0" hostname="DESKTOP-UM06P4R" failures="0" tests="4" name="Test" time="3.583" errors="0" timestamp="2025-02-17T18:51:55 IST">
  <testcase classname="com.sdetadda.allure.GetTest" name="test1" time="2.357"/>
  <testcase classname="com.sdetadda.allure.PutTest" name="test3" time="0.413"/>
  <testcase classname="com.sdetadda.allure.DeleteTest" name="test4" time="0.36"/>
  <testcase classname="com.sdetadda.allure.PostTest" name="test2" time="0.356"/>
</testsuite> <!-- Test -->
