<?xml version="1.0" encoding="UTF-8"?>
<testng-results ignored="0" total="4" passed="4" failed="0" skipped="0">
  <reporter-output>
  </reporter-output>
  <suite started-at="2025-02-17T18:51:52 IST" name="SmokeTesting" finished-at="2025-02-17T18:51:55 IST" duration-ms="3583">
    <groups>
    </groups>
    <test started-at="2025-02-17T18:51:52 IST" name="Test" finished-at="2025-02-17T18:51:55 IST" duration-ms="3583">
      <class name="com.sdetadda.allure.PostTest">
        <test-method signature="test2()[pri:0, instance:com.sdetadda.allure.PostTest@130e116b]" started-at="2025-02-17T18:51:55 IST" name="test2" finished-at="2025-02-17T18:51:55 IST" duration-ms="356" status="PASS">
          <reporter-output>
          </reporter-output>
        </test-method> <!-- test2 -->
      </class> <!-- com.sdetadda.allure.PostTest -->
      <class name="com.sdetadda.allure.DeleteTest">
        <test-method signature="test4()[pri:0, instance:com.sdetadda.allure.DeleteTest@10a9d961]" started-at="2025-02-17T18:51:55 IST" name="test4" finished-at="2025-02-17T18:51:55 IST" duration-ms="360" status="PASS">
          <reporter-output>
          </reporter-output>
        </test-method> <!-- test4 -->
      </class> <!-- com.sdetadda.allure.DeleteTest -->
      <class name="com.sdetadda.allure.PutTest">
        <test-method signature="test3()[pri:0, instance:com.sdetadda.allure.PutTest@1458ed9c]" started-at="2025-02-17T18:51:54 IST" name="test3" finished-at="2025-02-17T18:51:55 IST" duration-ms="413" status="PASS">
          <reporter-output>
          </reporter-output>
        </test-method> <!-- test3 -->
      </class> <!-- com.sdetadda.allure.PutTest -->
      <class name="com.sdetadda.allure.GetTest">
        <test-method signature="test1()[pri:0, instance:com.sdetadda.allure.GetTest@291a7e3c]" started-at="2025-02-17T18:51:52 IST" name="test1" finished-at="2025-02-17T18:51:54 IST" duration-ms="2357" status="PASS">
          <reporter-output>
          </reporter-output>
        </test-method> <!-- test1 -->
      </class> <!-- com.sdetadda.allure.GetTest -->
    </test> <!-- Test -->
  </suite> <!-- SmokeTesting -->
</testng-results>
